<?xml version="1.0" encoding="UTF-8"?>
<!-- Generated by org.testng.reporters.JUnitXMLReporter -->
<testsuite hostname="DESKTOP-F525NDO" ignored="0" name="Test" tests="3" failures="0" timestamp="2022-02-15T09:40:58 IST" time="0.139" errors="0">
  <testcase name="Shiva" time="0.012" classname="Maven_proj.Maven_Ro.SeleniumTest"/>
  <testcase name="Gayatri" time="0.004" classname="Maven_proj.Maven_Ro.AppiumTest"/>
  <testcase name="rohan" time="0.004" classname="Maven_proj.Maven_Ro.AppiumTest"/>
</testsuite> <!-- Test -->
