<?xml version="1.0" encoding="UTF-8"?>
<testng-results skipped="0" failed="0" ignored="0" total="3" passed="3">
  <reporter-output>
  </reporter-output>
  <suite name="Suite" duration-ms="139" started-at="2022-02-15T09:40:57 IST" finished-at="2022-02-15T09:40:58 IST">
    <groups>
    </groups>
    <test name="Test" duration-ms="139" started-at="2022-02-15T09:40:57 IST" finished-at="2022-02-15T09:40:58 IST">
      <class name="Maven_proj.Maven_Ro.SeleniumTest">
        <test-method status="PASS" signature="Shiva()[pri:0, instance:Maven_proj.Maven_Ro.SeleniumTest@1d29cf23]" name="Shiva" duration-ms="12" started-at="2022-02-15T09:40:58 IST" finished-at="2022-02-15T09:40:58 IST">
          <reporter-output>
          </reporter-output>
        </test-method> <!-- Shiva -->
      </class> <!-- Maven_proj.Maven_Ro.SeleniumTest -->
      <class name="Maven_proj.Maven_Ro.AppiumTest">
        <test-method status="PASS" signature="Gayatri()[pri:0, instance:Maven_proj.Maven_Ro.AppiumTest@3712b94]" name="Gayatri" duration-ms="4" started-at="2022-02-15T09:40:58 IST" finished-at="2022-02-15T09:40:58 IST">
          <reporter-output>
          </reporter-output>
        </test-method> <!-- Gayatri -->
        <test-method status="PASS" signature="rohan()[pri:0, instance:Maven_proj.Maven_Ro.AppiumTest@3712b94]" name="rohan" duration-ms="4" started-at="2022-02-15T09:40:58 IST" finished-at="2022-02-15T09:40:58 IST">
          <reporter-output>
          </reporter-output>
        </test-method> <!-- rohan -->
      </class> <!-- Maven_proj.Maven_Ro.AppiumTest -->
    </test> <!-- Test -->
  </suite> <!-- Suite -->
</testng-results>
