<?xml version="1.0" encoding="UTF-8"?>
<testng-results ignored="0" total="2" passed="2" failed="0" skipped="0">
  <reporter-output>
  </reporter-output>
  <suite started-at="2022-02-15T09:35:45 IST" name="Suite" finished-at="2022-02-15T09:35:45 IST" duration-ms="87">
    <groups>
    </groups>
    <test started-at="2022-02-15T09:35:45 IST" name="Test" finished-at="2022-02-15T09:35:45 IST" duration-ms="87">
      <class name="Maven_proj.Maven_Ro.SeleniumTest">
        <test-method signature="Shiva()[pri:0, instance:Maven_proj.Maven_Ro.SeleniumTest@35aea049]" started-at="2022-02-15T09:35:45 IST" name="Shiva" finished-at="2022-02-15T09:35:45 IST" duration-ms="4" status="PASS">
          <reporter-output>
          </reporter-output>
        </test-method> <!-- Shiva -->
      </class> <!-- Maven_proj.Maven_Ro.SeleniumTest -->
      <class name="Maven_proj.Maven_Ro.RestAPITest">
        <test-method signature="Meena()[pri:0, instance:Maven_proj.Maven_Ro.RestAPITest@fa49800]" started-at="2022-02-15T09:35:45 IST" name="Meena" finished-at="2022-02-15T09:35:45 IST" duration-ms="15" status="PASS">
          <reporter-output>
          </reporter-output>
        </test-method> <!-- Meena -->
      </class> <!-- Maven_proj.Maven_Ro.RestAPITest -->
    </test> <!-- Test -->
  </suite> <!-- Suite -->
</testng-results>
